The code will run on GPU.
torch.Size([8, 3, 10, 64, 64]) torch.Size([8])
Training will be carried out on: cuda:0
Epoch: 0; Loss train: 2.166	 test: 2.204	 Accuracy train: 22.0%	 test: 13.3%
Epoch: 1; Loss train: 1.504	 test: 2.144	 Accuracy train: 53.4%	 test: 20.0%
Epoch: 2; Loss train: 0.913	 test: 2.351	 Accuracy train: 77.6%	 test: 20.8%
Epoch: 3; Loss train: 0.416	 test: 2.443	 Accuracy train: 93.4%	 test: 22.5%
Epoch: 4; Loss train: 0.183	 test: 2.618	 Accuracy train: 98.2%	 test: 20.8%
Epoch: 5; Loss train: 0.097	 test: 2.656	 Accuracy train: 99.8%	 test: 23.3%
Epoch: 6; Loss train: 0.053	 test: 2.731	 Accuracy train: 100.0%	 test: 28.3%
Epoch: 7; Loss train: 0.031	 test: 2.776	 Accuracy train: 99.8%	 test: 32.5%
Epoch: 8; Loss train: 0.028	 test: 2.849	 Accuracy train: 100.0%	 test: 28.3%
Epoch: 9; Loss train: 0.024	 test: 3.000	 Accuracy train: 99.8%	 test: 30.0%
Epoch: 10; Loss train: 0.014	 test: 2.949	 Accuracy train: 100.0%	 test: 28.3%
Epoch: 11; Loss train: 0.009	 test: 2.969	 Accuracy train: 100.0%	 test: 28.3%
Epoch: 12; Loss train: 0.008	 test: 3.028	 Accuracy train: 100.0%	 test: 28.3%
Epoch: 13; Loss train: 0.007	 test: 3.097	 Accuracy train: 100.0%	 test: 32.5%
Epoch: 14; Loss train: 0.011	 test: 3.123	 Accuracy train: 99.8%	 test: 34.2%

------------------------------------------------------------
Sender: LSF System <lsfadmin@hpc.dtu.dk>
Subject: Job 26455443: <3DCNN> in cluster <dcc> Done

Job <3DCNN> was submitted from host <n-62-11-12> by user <s253818> in cluster <dcc> at Sat Oct 11 14:09:42 2025
Job was executed on host(s) <4*n-62-18-13>, in queue <c02516>, as user <s253818> in cluster <dcc> at Sat Oct 11 14:09:43 2025
</zhome/f2/a/224066> was used as the home directory.
</zhome/f2/a/224066/Project2/3DCNN> was used as the working directory.
Started at Sat Oct 11 14:09:43 2025
Terminated at Sat Oct 11 14:15:27 2025
Results reported at Sat Oct 11 14:15:27 2025

Your job looked like:

------------------------------------------------------------
# LSBATCH: User input
#!/bin/sh
### ------------- specify queue name ----------------
#BSUB -q c02516
### ------------- specify gpu request----------------
#BSUB -gpu "num=1:mode=exclusive_process"
### ------------- specify job name ----------------
#BSUB -J 3DCNN
### ------------- specify number of cores ----------------
#BSUB -n 4
#BSUB -R "span[hosts=1]"
### ------------- specify CPU memory requirements ----------------
#BSUB -R "rusage[mem=20GB]"
### ------------- specify wall-clock time (max allowed is 12:00)---------------- #BSUB -W 12:00
#BSUB -o OUTPUT_FILE%J.out
#BSUB -e OUTPUT_FILE%J.err
source /zhome/f2/a/224066/IDLCV/bin/activate
python /zhome/f2/a/224066/Project2/3DCNN/3DCNN.py

------------------------------------------------------------

Successfully completed.

Resource usage summary:

    CPU time :                                   307.61 sec.
    Max Memory :                                 855 MB
    Average Memory :                             844.20 MB
    Total Requested Memory :                     81920.00 MB
    Delta Memory :                               81065.00 MB
    Max Swap :                                   -
    Max Processes :                              4
    Max Threads :                                8
    Run time :                                   345 sec.
    Turnaround time :                            345 sec.

The output (if any) is above this job summary.



PS:

Read file <OUTPUT_FILE26455443.err> for stderr output of this job.

