The code will run on GPU.
torch.Size([16, 18, 64, 64]) torch.Size([16])
Training of temporal stream net is starting and will be carried out on: cuda:0
Epoch of temporal stream: 0; Loss train: 2.277	 test: 2.262	 Accuracy train: 11.6%	 test: 16.7%
Epoch of temporal stream: 1; Loss train: 2.219	 test: 2.209	 Accuracy train: 19.6%	 test: 20.0%
Epoch of temporal stream: 2; Loss train: 2.170	 test: 2.155	 Accuracy train: 22.8%	 test: 22.5%
Epoch of temporal stream: 3; Loss train: 2.119	 test: 2.159	 Accuracy train: 22.0%	 test: 20.8%
Epoch of temporal stream: 4; Loss train: 2.087	 test: 2.096	 Accuracy train: 21.6%	 test: 23.3%
Epoch of temporal stream: 5; Loss train: 2.019	 test: 2.035	 Accuracy train: 28.6%	 test: 25.0%
Epoch of temporal stream: 6; Loss train: 1.955	 test: 2.049	 Accuracy train: 29.6%	 test: 23.3%
Epoch of temporal stream: 7; Loss train: 1.882	 test: 1.956	 Accuracy train: 36.6%	 test: 28.3%
Epoch of temporal stream: 8; Loss train: 1.807	 test: 1.968	 Accuracy train: 36.4%	 test: 27.5%
Epoch of temporal stream: 9; Loss train: 1.734	 test: 1.927	 Accuracy train: 42.8%	 test: 29.2%
Epoch of temporal stream: 10; Loss train: 1.699	 test: 1.900	 Accuracy train: 41.0%	 test: 32.5%
Epoch of temporal stream: 11; Loss train: 1.626	 test: 1.784	 Accuracy train: 44.6%	 test: 37.5%
Epoch of temporal stream: 12; Loss train: 1.574	 test: 1.778	 Accuracy train: 47.0%	 test: 38.3%
Epoch of temporal stream: 13; Loss train: 1.466	 test: 1.822	 Accuracy train: 53.2%	 test: 37.5%
Epoch of temporal stream: 14; Loss train: 1.419	 test: 1.704	 Accuracy train: 54.8%	 test: 38.3%
Epoch of temporal stream: 15; Loss train: 1.366	 test: 1.659	 Accuracy train: 52.4%	 test: 41.7%
Epoch of temporal stream: 16; Loss train: 1.355	 test: 1.638	 Accuracy train: 55.6%	 test: 44.2%
Epoch of temporal stream: 17; Loss train: 1.283	 test: 1.541	 Accuracy train: 58.2%	 test: 42.5%
Epoch of temporal stream: 18; Loss train: 1.221	 test: 1.588	 Accuracy train: 62.2%	 test: 45.8%
Epoch of temporal stream: 19; Loss train: 1.197	 test: 1.480	 Accuracy train: 59.0%	 test: 52.5%
Epoch of temporal stream: 20; Loss train: 1.059	 test: 1.506	 Accuracy train: 65.0%	 test: 43.3%
Epoch of temporal stream: 21; Loss train: 1.039	 test: 1.462	 Accuracy train: 66.6%	 test: 53.3%
Epoch of temporal stream: 22; Loss train: 1.067	 test: 1.422	 Accuracy train: 62.0%	 test: 50.0%
Epoch of temporal stream: 23; Loss train: 1.037	 test: 1.443	 Accuracy train: 65.8%	 test: 50.0%
Epoch of temporal stream: 24; Loss train: 0.960	 test: 1.470	 Accuracy train: 67.4%	 test: 48.3%
Epoch of temporal stream: 25; Loss train: 0.939	 test: 1.408	 Accuracy train: 69.4%	 test: 50.8%
Epoch of temporal stream: 26; Loss train: 0.880	 test: 1.409	 Accuracy train: 71.4%	 test: 51.7%
Epoch of temporal stream: 27; Loss train: 0.866	 test: 1.358	 Accuracy train: 71.8%	 test: 52.5%
Epoch of temporal stream: 28; Loss train: 0.832	 test: 1.427	 Accuracy train: 73.6%	 test: 55.0%
Epoch of temporal stream: 29; Loss train: 0.770	 test: 1.344	 Accuracy train: 75.4%	 test: 55.0%
Epoch of temporal stream: 30; Loss train: 0.770	 test: 1.393	 Accuracy train: 76.0%	 test: 50.8%
Epoch of temporal stream: 31; Loss train: 0.733	 test: 1.399	 Accuracy train: 76.0%	 test: 47.5%
Epoch of temporal stream: 32; Loss train: 0.792	 test: 1.412	 Accuracy train: 79.6%	 test: 54.2%
Epoch of temporal stream: 33; Loss train: 0.712	 test: 1.401	 Accuracy train: 77.6%	 test: 54.2%
Epoch of temporal stream: 34; Loss train: 0.601	 test: 1.437	 Accuracy train: 82.6%	 test: 53.3%
Epoch of temporal stream: 35; Loss train: 0.619	 test: 1.410	 Accuracy train: 81.2%	 test: 51.7%
Code finished!

------------------------------------------------------------
Sender: LSF System <lsfadmin@hpc.dtu.dk>
Subject: Job 26457859: <DualStreamTemporalNet> in cluster <dcc> Done

Job <DualStreamTemporalNet> was submitted from host <n-62-11-12> by user <s253818> in cluster <dcc> at Sun Oct 12 13:49:42 2025
Job was executed on host(s) <4*n-62-18-13>, in queue <c02516>, as user <s253818> in cluster <dcc> at Sun Oct 12 13:49:42 2025
</zhome/f2/a/224066> was used as the home directory.
</zhome/f2/a/224066/Project2/DualStream> was used as the working directory.
Started at Sun Oct 12 13:49:42 2025
Terminated at Sun Oct 12 13:52:39 2025
Results reported at Sun Oct 12 13:52:39 2025

Your job looked like:

------------------------------------------------------------
# LSBATCH: User input
#!/bin/sh
### ------------- specify queue name ----------------
#BSUB -q c02516
### ------------- specify gpu request----------------
#BSUB -gpu "num=1:mode=exclusive_process"
### ------------- specify job name ----------------
#BSUB -J DualStreamTemporalNet
### ------------- specify number of cores ----------------
#BSUB -n 4
#BSUB -R "span[hosts=1]"
### ------------- specify CPU memory requirements ----------------
#BSUB -R "rusage[mem=20GB]"
### ------------- specify wall-clock time (max allowed is 12:00)---------------- #BSUB -W 12:00
#BSUB -o OUTPUT_FILE%J.out
#BSUB -e OUTPUT_FILE%J.err
source /zhome/f2/a/224066/IDLCV/bin/activate
python /zhome/f2/a/224066/Project2/DualStream/DualStreamTemporalNet.py

------------------------------------------------------------

Successfully completed.

Resource usage summary:

    CPU time :                                   164.69 sec.
    Max Memory :                                 879 MB
    Average Memory :                             875.50 MB
    Total Requested Memory :                     81920.00 MB
    Delta Memory :                               81041.00 MB
    Max Swap :                                   -
    Max Processes :                              4
    Max Threads :                                8
    Run time :                                   218 sec.
    Turnaround time :                            177 sec.

The output (if any) is above this job summary.



PS:

Read file <OUTPUT_FILE26457859.err> for stderr output of this job.

