The code will run on GPU.
torch.Size([8, 18, 64, 64]) torch.Size([8])
Training of temporal stream net is starting and will be carried out on: cuda:0
Epoch of temporal stream: 0; Loss train: 2.314	 test: 2.305	 Accuracy train: 7.6%	 test: 12.5%
Epoch of temporal stream: 1; Loss train: 2.297	 test: 2.298	 Accuracy train: 9.6%	 test: 15.0%
Epoch of temporal stream: 2; Loss train: 2.296	 test: 2.292	 Accuracy train: 12.4%	 test: 16.7%
Epoch of temporal stream: 3; Loss train: 2.296	 test: 2.290	 Accuracy train: 12.8%	 test: 16.7%
Epoch of temporal stream: 4; Loss train: 2.289	 test: 2.285	 Accuracy train: 13.8%	 test: 18.3%
Epoch of temporal stream: 5; Loss train: 2.268	 test: 2.278	 Accuracy train: 16.2%	 test: 19.2%
Epoch of temporal stream: 6; Loss train: 2.272	 test: 2.273	 Accuracy train: 15.4%	 test: 18.3%
Epoch of temporal stream: 7; Loss train: 2.268	 test: 2.273	 Accuracy train: 14.0%	 test: 20.0%
Epoch of temporal stream: 8; Loss train: 2.257	 test: 2.266	 Accuracy train: 16.6%	 test: 21.7%
Epoch of temporal stream: 9; Loss train: 2.258	 test: 2.258	 Accuracy train: 18.6%	 test: 22.5%
Epoch of temporal stream: 10; Loss train: 2.249	 test: 2.252	 Accuracy train: 18.4%	 test: 22.5%
Epoch of temporal stream: 11; Loss train: 2.241	 test: 2.247	 Accuracy train: 19.6%	 test: 29.2%
Epoch of temporal stream: 12; Loss train: 2.231	 test: 2.252	 Accuracy train: 18.0%	 test: 23.3%
Epoch of temporal stream: 13; Loss train: 2.225	 test: 2.242	 Accuracy train: 19.4%	 test: 26.7%
Epoch of temporal stream: 14; Loss train: 2.222	 test: 2.235	 Accuracy train: 22.0%	 test: 27.5%
Code finished!

------------------------------------------------------------
Sender: LSF System <lsfadmin@hpc.dtu.dk>
Subject: Job 26456879: <DualStreamTemporalNet> in cluster <dcc> Done

Job <DualStreamTemporalNet> was submitted from host <n-62-11-12> by user <s253818> in cluster <dcc> at Sat Oct 11 20:21:14 2025
Job was executed on host(s) <4*n-62-18-13>, in queue <c02516>, as user <s253818> in cluster <dcc> at Sat Oct 11 20:21:15 2025
</zhome/f2/a/224066> was used as the home directory.
</zhome/f2/a/224066/Project2/DualStream> was used as the working directory.
Started at Sat Oct 11 20:21:15 2025
Terminated at Sat Oct 11 20:22:42 2025
Results reported at Sat Oct 11 20:22:42 2025

Your job looked like:

------------------------------------------------------------
# LSBATCH: User input
#!/bin/sh
### ------------- specify queue name ----------------
#BSUB -q c02516
### ------------- specify gpu request----------------
#BSUB -gpu "num=1:mode=exclusive_process"
### ------------- specify job name ----------------
#BSUB -J DualStreamTemporalNet
### ------------- specify number of cores ----------------
#BSUB -n 4
#BSUB -R "span[hosts=1]"
### ------------- specify CPU memory requirements ----------------
#BSUB -R "rusage[mem=20GB]"
### ------------- specify wall-clock time (max allowed is 12:00)---------------- #BSUB -W 12:00
#BSUB -o OUTPUT_FILE%J.out
#BSUB -e OUTPUT_FILE%J.err
source /zhome/f2/a/224066/IDLCV/bin/activate
python /zhome/f2/a/224066/Project2/DualStream/DualStreamTemporalNet.py

------------------------------------------------------------

Successfully completed.

Resource usage summary:

    CPU time :                                   78.67 sec.
    Max Memory :                                 816 MB
    Average Memory :                             544.00 MB
    Total Requested Memory :                     81920.00 MB
    Delta Memory :                               81104.00 MB
    Max Swap :                                   -
    Max Processes :                              4
    Max Threads :                                8
    Run time :                                   158 sec.
    Turnaround time :                            88 sec.

The output (if any) is above this job summary.



PS:

Read file <OUTPUT_FILE26456879.err> for stderr output of this job.

