The code will run on GPU.
torch.Size([8, 18, 64, 64]) torch.Size([8])
Training of temporal stream net is starting and will be carried out on: cuda:0
Epoch of temporal stream: 0; Loss train: 2.298	 test: 2.295	 Accuracy train: 10.6%	 test: 12.5%
Epoch of temporal stream: 1; Loss train: 2.284	 test: 2.280	 Accuracy train: 11.6%	 test: 16.7%
Epoch of temporal stream: 2; Loss train: 2.272	 test: 2.271	 Accuracy train: 13.6%	 test: 18.3%
Epoch of temporal stream: 3; Loss train: 2.250	 test: 2.251	 Accuracy train: 15.6%	 test: 18.3%
Epoch of temporal stream: 4; Loss train: 2.241	 test: 2.252	 Accuracy train: 17.2%	 test: 22.5%
Epoch of temporal stream: 5; Loss train: 2.230	 test: 2.231	 Accuracy train: 18.8%	 test: 23.3%
Epoch of temporal stream: 6; Loss train: 2.218	 test: 2.229	 Accuracy train: 21.0%	 test: 25.8%
Epoch of temporal stream: 7; Loss train: 2.204	 test: 2.216	 Accuracy train: 20.2%	 test: 24.2%
Epoch of temporal stream: 8; Loss train: 2.196	 test: 2.200	 Accuracy train: 21.2%	 test: 28.3%
Epoch of temporal stream: 9; Loss train: 2.182	 test: 2.204	 Accuracy train: 24.0%	 test: 29.2%
Epoch of temporal stream: 10; Loss train: 2.174	 test: 2.192	 Accuracy train: 24.6%	 test: 29.2%
Epoch of temporal stream: 11; Loss train: 2.140	 test: 2.207	 Accuracy train: 25.4%	 test: 28.3%
Epoch of temporal stream: 12; Loss train: 2.137	 test: 2.179	 Accuracy train: 30.0%	 test: 27.5%
Epoch of temporal stream: 13; Loss train: 2.127	 test: 2.170	 Accuracy train: 25.0%	 test: 29.2%
Epoch of temporal stream: 14; Loss train: 2.118	 test: 2.167	 Accuracy train: 31.2%	 test: 28.3%
Epoch of temporal stream: 15; Loss train: 2.109	 test: 2.149	 Accuracy train: 30.2%	 test: 26.7%
Epoch of temporal stream: 16; Loss train: 2.083	 test: 2.150	 Accuracy train: 31.4%	 test: 30.0%
Epoch of temporal stream: 17; Loss train: 2.062	 test: 2.131	 Accuracy train: 32.2%	 test: 32.5%
Epoch of temporal stream: 18; Loss train: 2.051	 test: 2.138	 Accuracy train: 36.0%	 test: 30.8%
Epoch of temporal stream: 19; Loss train: 2.037	 test: 2.102	 Accuracy train: 34.4%	 test: 35.0%
Code finished!

------------------------------------------------------------
Sender: LSF System <lsfadmin@hpc.dtu.dk>
Subject: Job 26457831: <DualStreamTemporalNet> in cluster <dcc> Done

Job <DualStreamTemporalNet> was submitted from host <n-62-11-12> by user <s253818> in cluster <dcc> at Sun Oct 12 13:17:52 2025
Job was executed on host(s) <4*n-62-18-13>, in queue <c02516>, as user <s253818> in cluster <dcc> at Sun Oct 12 13:17:52 2025
</zhome/f2/a/224066> was used as the home directory.
</zhome/f2/a/224066/Project2/DualStream> was used as the working directory.
Started at Sun Oct 12 13:17:52 2025
Terminated at Sun Oct 12 13:19:34 2025
Results reported at Sun Oct 12 13:19:34 2025

Your job looked like:

------------------------------------------------------------
# LSBATCH: User input
#!/bin/sh
### ------------- specify queue name ----------------
#BSUB -q c02516
### ------------- specify gpu request----------------
#BSUB -gpu "num=1:mode=exclusive_process"
### ------------- specify job name ----------------
#BSUB -J DualStreamTemporalNet
### ------------- specify number of cores ----------------
#BSUB -n 4
#BSUB -R "span[hosts=1]"
### ------------- specify CPU memory requirements ----------------
#BSUB -R "rusage[mem=20GB]"
### ------------- specify wall-clock time (max allowed is 12:00)---------------- #BSUB -W 12:00
#BSUB -o OUTPUT_FILE%J.out
#BSUB -e OUTPUT_FILE%J.err
source /zhome/f2/a/224066/IDLCV/bin/activate
python /zhome/f2/a/224066/Project2/DualStream/DualStreamTemporalNet.py

------------------------------------------------------------

Successfully completed.

Resource usage summary:

    CPU time :                                   94.14 sec.
    Max Memory :                                 828 MB
    Average Memory :                             828.00 MB
    Total Requested Memory :                     81920.00 MB
    Delta Memory :                               81092.00 MB
    Max Swap :                                   -
    Max Processes :                              4
    Max Threads :                                8
    Run time :                                   152 sec.
    Turnaround time :                            102 sec.

The output (if any) is above this job summary.



PS:

Read file <OUTPUT_FILE26457831.err> for stderr output of this job.

