Traceback (most recent call last):
  File "/zhome/f2/a/224066/Project2/DualStream/DualStreamTemporalNet.py", line 454, in <module>
    out = train_temporalstream(sporty_temporalstream, optimizer,
  File "/zhome/f2/a/224066/Project2/DualStream/DualStreamTemporalNet.py", line 185, in train_temporalstream
    output = model(data)
  File "/zhome/f2/a/224066/IDLCV/lib64/python3.9/site-packages/torch/nn/modules/module.py", line 1773, in _wrapped_call_impl
    return self._call_impl(*args, **kwargs)
  File "/zhome/f2/a/224066/IDLCV/lib64/python3.9/site-packages/torch/nn/modules/module.py", line 1784, in _call_impl
    return forward_call(*args, **kwargs)
  File "/zhome/f2/a/224066/Project2/DualStream/DualStreamTemporalNet.py", line 155, in forward
    x = self.convolutional(x)
  File "/zhome/f2/a/224066/IDLCV/lib64/python3.9/site-packages/torch/nn/modules/module.py", line 1773, in _wrapped_call_impl
    return self._call_impl(*args, **kwargs)
  File "/zhome/f2/a/224066/IDLCV/lib64/python3.9/site-packages/torch/nn/modules/module.py", line 1784, in _call_impl
    return forward_call(*args, **kwargs)
  File "/zhome/f2/a/224066/IDLCV/lib64/python3.9/site-packages/torch/nn/modules/container.py", line 244, in forward
    input = module(input)
  File "/zhome/f2/a/224066/IDLCV/lib64/python3.9/site-packages/torch/nn/modules/module.py", line 1773, in _wrapped_call_impl
    return self._call_impl(*args, **kwargs)
  File "/zhome/f2/a/224066/IDLCV/lib64/python3.9/site-packages/torch/nn/modules/module.py", line 1784, in _call_impl
    return forward_call(*args, **kwargs)
  File "/zhome/f2/a/224066/IDLCV/lib64/python3.9/site-packages/torch/nn/modules/batchnorm.py", line 193, in forward
    return F.batch_norm(
  File "/zhome/f2/a/224066/IDLCV/lib64/python3.9/site-packages/torch/nn/functional.py", line 2817, in batch_norm
    return torch.batch_norm(
RuntimeError: running_mean should contain 144 elements not 72
