The code will run on GPU.
torch.Size([8, 18, 64, 64]) torch.Size([8])
Training of temporal stream net is starting and will be carried out on: cuda:0
Epoch of temporal stream: 0; Loss train: 2.599	 test: 2.193	 Accuracy train: 16.6%	 test: 13.3%
Epoch of temporal stream: 1; Loss train: 2.202	 test: 2.223	 Accuracy train: 20.4%	 test: 15.8%
Epoch of temporal stream: 2; Loss train: 2.127	 test: 2.052	 Accuracy train: 21.6%	 test: 24.2%
Epoch of temporal stream: 3; Loss train: 1.984	 test: 1.855	 Accuracy train: 28.4%	 test: 37.5%
Epoch of temporal stream: 4; Loss train: 1.947	 test: 1.846	 Accuracy train: 30.0%	 test: 33.3%
Epoch of temporal stream: 5; Loss train: 1.826	 test: 1.818	 Accuracy train: 33.6%	 test: 39.2%
Epoch of temporal stream: 6; Loss train: 1.747	 test: 1.883	 Accuracy train: 36.6%	 test: 32.5%
Epoch of temporal stream: 7; Loss train: 1.720	 test: 1.706	 Accuracy train: 36.8%	 test: 39.2%
Epoch of temporal stream: 8; Loss train: 1.574	 test: 1.513	 Accuracy train: 42.8%	 test: 45.8%
Epoch of temporal stream: 9; Loss train: 1.584	 test: 1.577	 Accuracy train: 42.6%	 test: 45.8%
Epoch of temporal stream: 10; Loss train: 1.476	 test: 1.598	 Accuracy train: 44.6%	 test: 46.7%
Epoch of temporal stream: 11; Loss train: 1.431	 test: 1.395	 Accuracy train: 47.2%	 test: 49.2%
Epoch of temporal stream: 12; Loss train: 1.275	 test: 1.352	 Accuracy train: 55.2%	 test: 55.8%
Epoch of temporal stream: 13; Loss train: 1.283	 test: 1.425	 Accuracy train: 54.8%	 test: 49.2%
Epoch of temporal stream: 14; Loss train: 1.155	 test: 1.503	 Accuracy train: 62.4%	 test: 47.5%
Code finished!

------------------------------------------------------------
Sender: LSF System <lsfadmin@hpc.dtu.dk>
Subject: Job 26456892: <DualStreamTemporalNet> in cluster <dcc> Done

Job <DualStreamTemporalNet> was submitted from host <n-62-11-12> by user <s253818> in cluster <dcc> at Sat Oct 11 20:30:30 2025
Job was executed on host(s) <4*n-62-18-13>, in queue <c02516>, as user <s253818> in cluster <dcc> at Sat Oct 11 20:30:31 2025
</zhome/f2/a/224066> was used as the home directory.
</zhome/f2/a/224066/Project2/DualStream> was used as the working directory.
Started at Sat Oct 11 20:30:31 2025
Terminated at Sat Oct 11 20:31:57 2025
Results reported at Sat Oct 11 20:31:57 2025

Your job looked like:

------------------------------------------------------------
# LSBATCH: User input
#!/bin/sh
### ------------- specify queue name ----------------
#BSUB -q c02516
### ------------- specify gpu request----------------
#BSUB -gpu "num=1:mode=exclusive_process"
### ------------- specify job name ----------------
#BSUB -J DualStreamTemporalNet
### ------------- specify number of cores ----------------
#BSUB -n 4
#BSUB -R "span[hosts=1]"
### ------------- specify CPU memory requirements ----------------
#BSUB -R "rusage[mem=20GB]"
### ------------- specify wall-clock time (max allowed is 12:00)---------------- #BSUB -W 12:00
#BSUB -o OUTPUT_FILE%J.out
#BSUB -e OUTPUT_FILE%J.err
source /zhome/f2/a/224066/IDLCV/bin/activate
python /zhome/f2/a/224066/Project2/DualStream/DualStreamTemporalNet.py

------------------------------------------------------------

Successfully completed.

Resource usage summary:

    CPU time :                                   77.02 sec.
    Max Memory :                                 812 MB
    Average Memory :                             812.00 MB
    Total Requested Memory :                     81920.00 MB
    Delta Memory :                               81108.00 MB
    Max Swap :                                   -
    Max Processes :                              4
    Max Threads :                                8
    Run time :                                   115 sec.
    Turnaround time :                            87 sec.

The output (if any) is above this job summary.



PS:

Read file <OUTPUT_FILE26456892.err> for stderr output of this job.

