The code will run on GPU.
Len of trainset: 5000
Training of spatial stream net is starting and will be carried out on: cuda:0
Epoch of spatial stream: 0; Loss train: 1.892	 test: 1.603	 Accuracy train: 50.3%	 test: 57.5%
Epoch of spatial stream: 1; Loss train: 0.704	 test: 1.211	 Accuracy train: 97.1%	 test: 68.3%
Epoch of spatial stream: 2; Loss train: 0.595	 test: 1.266	 Accuracy train: 99.8%	 test: 66.9%
Epoch of spatial stream: 3; Loss train: 0.576	 test: 1.288	 Accuracy train: 99.9%	 test: 67.3%
Epoch of spatial stream: 4; Loss train: 0.574	 test: 1.208	 Accuracy train: 99.9%	 test: 69.9%
Code finished!

------------------------------------------------------------
Sender: LSF System <lsfadmin@hpc.dtu.dk>
Subject: Job 26473009: <DualStreamSpatialNetTransfer> in cluster <dcc> Done

Job <DualStreamSpatialNetTransfer> was submitted from host <n-62-11-12> by user <s253818> in cluster <dcc> at Tue Oct 14 00:27:16 2025
Job was executed on host(s) <4*n-62-18-13>, in queue <c02516>, as user <s253818> in cluster <dcc> at Tue Oct 14 00:27:16 2025
</zhome/f2/a/224066> was used as the home directory.
</zhome/f2/a/224066/Project2/DualStream/Spatial> was used as the working directory.
Started at Tue Oct 14 00:27:16 2025
Terminated at Tue Oct 14 00:33:16 2025
Results reported at Tue Oct 14 00:33:16 2025

Your job looked like:

------------------------------------------------------------
# LSBATCH: User input
#!/bin/sh
### ------------- specify queue name ----------------
#BSUB -q c02516
### ------------- specify gpu request----------------
#BSUB -gpu "num=1:mode=exclusive_process"
### ------------- specify job name ----------------
#BSUB -J DualStreamSpatialNetTransfer
### ------------- specify number of cores ----------------
#BSUB -n 4
#BSUB -R "span[hosts=1]"
### ------------- specify CPU memory requirements ----------------
#BSUB -R "rusage[mem=20GB]"
### ------------- specify wall-clock time (max allowed is 12:00)---------------- 
#BSUB -W 1:00
#BSUB -o OUTPUT_FILE%J.out
#BSUB -e OUTPUT_FILE%J.err
source /zhome/f2/a/224066/IDLCV/bin/activate
python /zhome/f2/a/224066/Project2/DualStream/Spatial/DualStreamSpatialNetTransfer.py

------------------------------------------------------------

Successfully completed.

Resource usage summary:

    CPU time :                                   251.52 sec.
    Max Memory :                                 1193 MB
    Average Memory :                             940.80 MB
    Total Requested Memory :                     81920.00 MB
    Delta Memory :                               80727.00 MB
    Max Swap :                                   -
    Max Processes :                              4
    Max Threads :                                8
    Run time :                                   468 sec.
    Turnaround time :                            360 sec.

The output (if any) is above this job summary.



PS:

Read file <OUTPUT_FILE26473009.err> for stderr output of this job.

