The code will run on GPU.
Len of trainset: 5000
Training of spatial stream net is starting and will be carried out on: cuda:0
Epoch of spatial stream: 0; Loss train: 2.402	 test: 2.326	 Accuracy train: 11.7%	 test: 10.3%
Epoch of spatial stream: 1; Loss train: 2.349	 test: 2.318	 Accuracy train: 10.7%	 test: 13.1%
Epoch of spatial stream: 2; Loss train: 2.307	 test: 2.313	 Accuracy train: 11.9%	 test: 15.4%
Epoch of spatial stream: 3; Loss train: 2.266	 test: 2.304	 Accuracy train: 14.3%	 test: 16.2%
Epoch of spatial stream: 4; Loss train: 2.220	 test: 2.288	 Accuracy train: 17.8%	 test: 17.8%
Epoch of spatial stream: 5; Loss train: 2.176	 test: 2.274	 Accuracy train: 21.2%	 test: 17.7%
Epoch of spatial stream: 6; Loss train: 2.122	 test: 2.271	 Accuracy train: 24.3%	 test: 18.8%
Epoch of spatial stream: 7; Loss train: 2.065	 test: 2.272	 Accuracy train: 27.4%	 test: 19.7%
Epoch of spatial stream: 8; Loss train: 2.023	 test: 2.269	 Accuracy train: 29.6%	 test: 19.1%
Epoch of spatial stream: 9; Loss train: 1.956	 test: 2.284	 Accuracy train: 32.7%	 test: 18.8%
Epoch of spatial stream: 10; Loss train: 1.910	 test: 2.280	 Accuracy train: 34.2%	 test: 18.8%
Epoch of spatial stream: 11; Loss train: 1.841	 test: 2.285	 Accuracy train: 37.3%	 test: 19.4%
Epoch of spatial stream: 12; Loss train: 1.776	 test: 2.292	 Accuracy train: 41.0%	 test: 19.5%
Epoch of spatial stream: 13; Loss train: 1.725	 test: 2.286	 Accuracy train: 42.8%	 test: 20.2%
Epoch of spatial stream: 14; Loss train: 1.664	 test: 2.310	 Accuracy train: 46.5%	 test: 20.8%
Code finished!

------------------------------------------------------------
Sender: LSF System <lsfadmin@hpc.dtu.dk>
Subject: Job 26458103: <DualStreamSpatialNet> in cluster <dcc> Done

Job <DualStreamSpatialNet> was submitted from host <n-62-11-12> by user <s253818> in cluster <dcc> at Sun Oct 12 18:26:47 2025
Job was executed on host(s) <4*n-62-18-13>, in queue <c02516>, as user <s253818> in cluster <dcc> at Sun Oct 12 18:26:47 2025
</zhome/f2/a/224066> was used as the home directory.
</zhome/f2/a/224066/Project2/DualStream/Spatial> was used as the working directory.
Started at Sun Oct 12 18:26:47 2025
Terminated at Sun Oct 12 18:30:18 2025
Results reported at Sun Oct 12 18:30:18 2025

Your job looked like:

------------------------------------------------------------
# LSBATCH: User input
#!/bin/sh
### ------------- specify queue name ----------------
#BSUB -q c02516
### ------------- specify gpu request----------------
#BSUB -gpu "num=1:mode=exclusive_process"
### ------------- specify job name ----------------
#BSUB -J DualStreamSpatialNet
### ------------- specify number of cores ----------------
#BSUB -n 4
#BSUB -R "span[hosts=1]"
### ------------- specify CPU memory requirements ----------------
#BSUB -R "rusage[mem=20GB]"
### ------------- specify wall-clock time (max allowed is 12:00)---------------- #BSUB -W 12:00
#BSUB -o OUTPUT_FILE%J.out
#BSUB -e OUTPUT_FILE%J.err
source /zhome/f2/a/224066/IDLCV/bin/activate
python /zhome/f2/a/224066/Project2/DualStream/Spatial/DualStreamSpatialNet.py

------------------------------------------------------------

Successfully completed.

Resource usage summary:

    CPU time :                                   202.71 sec.
    Max Memory :                                 885 MB
    Average Memory :                             884.25 MB
    Total Requested Memory :                     81920.00 MB
    Delta Memory :                               81035.00 MB
    Max Swap :                                   -
    Max Processes :                              4
    Max Threads :                                8
    Run time :                                   285 sec.
    Turnaround time :                            211 sec.

The output (if any) is above this job summary.



PS:

Read file <OUTPUT_FILE26458103.err> for stderr output of this job.

