The code will run on GPU.
Len of trainset: 5000
Training of spatial stream net is starting and will be carried out on: cuda:0
Epoch of spatial stream: 0; Loss train: 2.313	 test: 2.303	 Accuracy train: 9.6%	 test: 13.2%
Epoch of spatial stream: 1; Loss train: 2.316	 test: 2.302	 Accuracy train: 9.0%	 test: 12.8%
Epoch of spatial stream: 2; Loss train: 2.311	 test: 2.303	 Accuracy train: 9.0%	 test: 12.6%
Epoch of spatial stream: 3; Loss train: 2.310	 test: 2.302	 Accuracy train: 9.6%	 test: 12.8%
Epoch of spatial stream: 4; Loss train: 2.310	 test: 2.301	 Accuracy train: 10.4%	 test: 13.4%
Epoch of spatial stream: 5; Loss train: 2.309	 test: 2.302	 Accuracy train: 10.4%	 test: 14.1%
Epoch of spatial stream: 6; Loss train: 2.307	 test: 2.300	 Accuracy train: 10.2%	 test: 14.3%
Epoch of spatial stream: 7; Loss train: 2.307	 test: 2.301	 Accuracy train: 10.5%	 test: 13.9%
Epoch of spatial stream: 8; Loss train: 2.306	 test: 2.300	 Accuracy train: 10.8%	 test: 14.2%
Epoch of spatial stream: 9; Loss train: 2.307	 test: 2.299	 Accuracy train: 10.9%	 test: 14.6%
Code finished!

------------------------------------------------------------
Sender: LSF System <lsfadmin@hpc.dtu.dk>
Subject: Job 26458069: <DualStreamSpatialNet> in cluster <dcc> Done

Job <DualStreamSpatialNet> was submitted from host <n-62-11-12> by user <s253818> in cluster <dcc> at Sun Oct 12 17:50:09 2025
Job was executed on host(s) <4*n-62-18-13>, in queue <c02516>, as user <s253818> in cluster <dcc> at Sun Oct 12 17:50:10 2025
</zhome/f2/a/224066> was used as the home directory.
</zhome/f2/a/224066/Project2/DualStream/Spatial> was used as the working directory.
Started at Sun Oct 12 17:50:10 2025
Terminated at Sun Oct 12 17:52:18 2025
Results reported at Sun Oct 12 17:52:18 2025

Your job looked like:

------------------------------------------------------------
# LSBATCH: User input
#!/bin/sh
### ------------- specify queue name ----------------
#BSUB -q c02516
### ------------- specify gpu request----------------
#BSUB -gpu "num=1:mode=exclusive_process"
### ------------- specify job name ----------------
#BSUB -J DualStreamSpatialNet
### ------------- specify number of cores ----------------
#BSUB -n 4
#BSUB -R "span[hosts=1]"
### ------------- specify CPU memory requirements ----------------
#BSUB -R "rusage[mem=20GB]"
### ------------- specify wall-clock time (max allowed is 12:00)---------------- #BSUB -W 12:00
#BSUB -o OUTPUT_FILE%J.out
#BSUB -e OUTPUT_FILE%J.err
source /zhome/f2/a/224066/IDLCV/bin/activate
python /zhome/f2/a/224066/Project2/DualStream/Spatial/DualStreamSpatialNet.py

------------------------------------------------------------

Successfully completed.

Resource usage summary:

    CPU time :                                   120.08 sec.
    Max Memory :                                 861 MB
    Average Memory :                             859.33 MB
    Total Requested Memory :                     81920.00 MB
    Delta Memory :                               81059.00 MB
    Max Swap :                                   -
    Max Processes :                              4
    Max Threads :                                8
    Run time :                                   182 sec.
    Turnaround time :                            129 sec.

The output (if any) is above this job summary.



PS:

Read file <OUTPUT_FILE26458069.err> for stderr output of this job.

