The code will run on GPU.
Training of spatial stream net is starting and will be carried out on: cuda:0
Epoch of spatial stream: 0; Loss train: 2.303	 test: 2.297	 Accuracy train: 11.4%	 test: 4.2%
Epoch of spatial stream: 1; Loss train: 2.253	 test: 2.292	 Accuracy train: 16.1%	 test: 13.6%
Epoch of spatial stream: 2; Loss train: 2.148	 test: 2.289	 Accuracy train: 21.9%	 test: 12.6%
Epoch of spatial stream: 3; Loss train: 1.985	 test: 2.268	 Accuracy train: 30.2%	 test: 14.0%
Epoch of spatial stream: 4; Loss train: 1.782	 test: 2.315	 Accuracy train: 39.2%	 test: 13.3%
Epoch of spatial stream: 5; Loss train: 1.560	 test: 2.418	 Accuracy train: 47.9%	 test: 13.4%
Epoch of spatial stream: 6; Loss train: 1.344	 test: 2.486	 Accuracy train: 54.9%	 test: 12.8%
Epoch of spatial stream: 7; Loss train: 1.152	 test: 2.619	 Accuracy train: 61.8%	 test: 16.2%
Epoch of spatial stream: 8; Loss train: 0.958	 test: 2.818	 Accuracy train: 69.7%	 test: 18.6%
Epoch of spatial stream: 9; Loss train: 0.807	 test: 2.939	 Accuracy train: 74.5%	 test: 15.4%
Epoch of spatial stream: 10; Loss train: 0.667	 test: 3.021	 Accuracy train: 79.3%	 test: 18.6%
Epoch of spatial stream: 11; Loss train: 0.553	 test: 3.268	 Accuracy train: 83.0%	 test: 18.2%
Epoch of spatial stream: 12; Loss train: 0.471	 test: 3.224	 Accuracy train: 86.2%	 test: 20.2%
Epoch of spatial stream: 13; Loss train: 0.389	 test: 3.562	 Accuracy train: 88.7%	 test: 18.1%
Epoch of spatial stream: 14; Loss train: 0.322	 test: 3.582	 Accuracy train: 90.9%	 test: 18.5%
Code finished!

------------------------------------------------------------
Sender: LSF System <lsfadmin@hpc.dtu.dk>
Subject: Job 26457965: <DualStreamSpatialNet> in cluster <dcc> Done

Job <DualStreamSpatialNet> was submitted from host <n-62-11-12> by user <s253818> in cluster <dcc> at Sun Oct 12 15:54:54 2025
Job was executed on host(s) <4*n-62-18-13>, in queue <c02516>, as user <s253818> in cluster <dcc> at Sun Oct 12 15:54:56 2025
</zhome/f2/a/224066> was used as the home directory.
</zhome/f2/a/224066/Project2/DualStream/Spatial> was used as the working directory.
Started at Sun Oct 12 15:54:56 2025
Terminated at Sun Oct 12 15:58:39 2025
Results reported at Sun Oct 12 15:58:39 2025

Your job looked like:

------------------------------------------------------------
# LSBATCH: User input
#!/bin/sh
### ------------- specify queue name ----------------
#BSUB -q c02516
### ------------- specify gpu request----------------
#BSUB -gpu "num=1:mode=exclusive_process"
### ------------- specify job name ----------------
#BSUB -J DualStreamSpatialNet
### ------------- specify number of cores ----------------
#BSUB -n 4
#BSUB -R "span[hosts=1]"
### ------------- specify CPU memory requirements ----------------
#BSUB -R "rusage[mem=20GB]"
### ------------- specify wall-clock time (max allowed is 12:00)---------------- #BSUB -W 12:00
#BSUB -o OUTPUT_FILE%J.out
#BSUB -e OUTPUT_FILE%J.err
source /zhome/f2/a/224066/IDLCV/bin/activate
python /zhome/f2/a/224066/Project2/DualStream/Spatial/DualStreamSpatialNet.py

------------------------------------------------------------

Successfully completed.

Resource usage summary:

    CPU time :                                   213.89 sec.
    Max Memory :                                 908 MB
    Average Memory :                             901.75 MB
    Total Requested Memory :                     81920.00 MB
    Delta Memory :                               81012.00 MB
    Max Swap :                                   -
    Max Processes :                              4
    Max Threads :                                8
    Run time :                                   295 sec.
    Turnaround time :                            225 sec.

The output (if any) is above this job summary.



PS:

Read file <OUTPUT_FILE26457965.err> for stderr output of this job.

