The code will run on GPU.
Len of trainset: 5000
Training of spatial stream net is starting and will be carried out on: cuda:0
Epoch of spatial stream: 0; Loss train: 2.289	 test: 2.303	 Accuracy train: 17.3%	 test: 10.1%
Epoch of spatial stream: 1; Loss train: 2.317	 test: 2.303	 Accuracy train: 11.0%	 test: 10.0%
Epoch of spatial stream: 2; Loss train: 2.314	 test: 2.303	 Accuracy train: 9.2%	 test: 10.0%
Epoch of spatial stream: 3; Loss train: 2.314	 test: 2.304	 Accuracy train: 13.5%	 test: 10.0%
Epoch of spatial stream: 4; Loss train: 2.265	 test: 2.303	 Accuracy train: 11.5%	 test: 10.1%
Epoch of spatial stream: 5; Loss train: 2.293	 test: 2.302	 Accuracy train: 8.8%	 test: 10.2%
Epoch of spatial stream: 6; Loss train: 2.308	 test: 2.303	 Accuracy train: 6.6%	 test: 10.0%
Epoch of spatial stream: 7; Loss train: 2.318	 test: 2.303	 Accuracy train: 5.5%	 test: 11.7%
Epoch of spatial stream: 8; Loss train: 2.292	 test: 2.312	 Accuracy train: 8.6%	 test: 10.0%
Epoch of spatial stream: 9; Loss train: 2.307	 test: 2.304	 Accuracy train: 9.0%	 test: 10.0%
Epoch of spatial stream: 10; Loss train: 2.317	 test: 2.302	 Accuracy train: 6.2%	 test: 10.0%
Epoch of spatial stream: 11; Loss train: 2.308	 test: 2.302	 Accuracy train: 6.9%	 test: 10.0%
Epoch of spatial stream: 12; Loss train: 2.308	 test: 2.302	 Accuracy train: 6.8%	 test: 10.0%
Epoch of spatial stream: 13; Loss train: 2.310	 test: 2.327	 Accuracy train: 7.0%	 test: 10.0%
Epoch of spatial stream: 14; Loss train: 2.307	 test: 2.306	 Accuracy train: 5.9%	 test: 10.4%
Code finished!

------------------------------------------------------------
Sender: LSF System <lsfadmin@hpc.dtu.dk>
Subject: Job 26458129: <DualStreamSpatialNet> in cluster <dcc> Done

Job <DualStreamSpatialNet> was submitted from host <n-62-11-12> by user <s253818> in cluster <dcc> at Sun Oct 12 19:02:39 2025
Job was executed on host(s) <4*n-62-18-13>, in queue <c02516>, as user <s253818> in cluster <dcc> at Sun Oct 12 19:02:39 2025
</zhome/f2/a/224066> was used as the home directory.
</zhome/f2/a/224066/Project2/DualStream/Spatial> was used as the working directory.
Started at Sun Oct 12 19:02:39 2025
Terminated at Sun Oct 12 19:09:15 2025
Results reported at Sun Oct 12 19:09:15 2025

Your job looked like:

------------------------------------------------------------
# LSBATCH: User input
#!/bin/sh
### ------------- specify queue name ----------------
#BSUB -q c02516
### ------------- specify gpu request----------------
#BSUB -gpu "num=1:mode=exclusive_process"
### ------------- specify job name ----------------
#BSUB -J DualStreamSpatialNet
### ------------- specify number of cores ----------------
#BSUB -n 4
#BSUB -R "span[hosts=1]"
### ------------- specify CPU memory requirements ----------------
#BSUB -R "rusage[mem=20GB]"
### ------------- specify wall-clock time (max allowed is 12:00)---------------- #BSUB -W 12:00
#BSUB -o OUTPUT_FILE%J.out
#BSUB -e OUTPUT_FILE%J.err
source /zhome/f2/a/224066/IDLCV/bin/activate
python /zhome/f2/a/224066/Project2/DualStream/Spatial/DualStreamSpatialNet.py

------------------------------------------------------------

Successfully completed.

Resource usage summary:

    CPU time :                                   387.17 sec.
    Max Memory :                                 1136 MB
    Average Memory :                             1106.33 MB
    Total Requested Memory :                     81920.00 MB
    Delta Memory :                               80784.00 MB
    Max Swap :                                   -
    Max Processes :                              4
    Max Threads :                                8
    Run time :                                   434 sec.
    Turnaround time :                            396 sec.

The output (if any) is above this job summary.



PS:

Read file <OUTPUT_FILE26458129.err> for stderr output of this job.

