The code will run on GPU.
Len of trainset: 5000
Training of spatial stream net is starting and will be carried out on: cuda:0
Epoch of spatial stream: 0; Loss train: 2.325	 test: 7.675	 Accuracy train: 12.6%	 test: 7.7%
Epoch of spatial stream: 1; Loss train: 2.334	 test: 7.575	 Accuracy train: 9.2%	 test: 13.2%
Epoch of spatial stream: 2; Loss train: 2.297	 test: 5.972	 Accuracy train: 8.5%	 test: 11.5%
Epoch of spatial stream: 3; Loss train: 2.267	 test: 8.648	 Accuracy train: 9.7%	 test: 6.2%
Epoch of spatial stream: 4; Loss train: 2.274	 test: 9.003	 Accuracy train: 13.2%	 test: 9.2%
Epoch of spatial stream: 5; Loss train: 2.221	 test: 11.932	 Accuracy train: 19.6%	 test: 6.2%
Epoch of spatial stream: 6; Loss train: 2.200	 test: 8.935	 Accuracy train: 16.8%	 test: 5.4%
Epoch of spatial stream: 7; Loss train: 2.202	 test: 5.330	 Accuracy train: 7.8%	 test: 11.2%
Epoch of spatial stream: 8; Loss train: 2.154	 test: 7.071	 Accuracy train: 6.7%	 test: 8.4%
Epoch of spatial stream: 9; Loss train: 2.108	 test: 8.242	 Accuracy train: 6.9%	 test: 14.4%
Epoch of spatial stream: 10; Loss train: 2.077	 test: 8.477	 Accuracy train: 7.1%	 test: 11.7%
Epoch of spatial stream: 11; Loss train: 2.054	 test: 12.218	 Accuracy train: 8.1%	 test: 8.5%
Epoch of spatial stream: 12; Loss train: 2.032	 test: 8.170	 Accuracy train: 8.4%	 test: 13.8%
Epoch of spatial stream: 13; Loss train: 2.013	 test: 9.948	 Accuracy train: 9.7%	 test: 10.4%
Epoch of spatial stream: 14; Loss train: 1.984	 test: 10.251	 Accuracy train: 10.4%	 test: 9.5%
Code finished!

------------------------------------------------------------
Sender: LSF System <lsfadmin@hpc.dtu.dk>
Subject: Job 26470978: <DualStreamSpatialNetTransfer> in cluster <dcc> Done

Job <DualStreamSpatialNetTransfer> was submitted from host <n-62-11-12> by user <s253818> in cluster <dcc> at Mon Oct 13 20:46:26 2025
Job was executed on host(s) <4*n-62-18-13>, in queue <c02516>, as user <s253818> in cluster <dcc> at Mon Oct 13 20:46:26 2025
</zhome/f2/a/224066> was used as the home directory.
</zhome/f2/a/224066/Project2/DualStream/Spatial> was used as the working directory.
Started at Mon Oct 13 20:46:26 2025
Terminated at Mon Oct 13 20:51:17 2025
Results reported at Mon Oct 13 20:51:17 2025

Your job looked like:

------------------------------------------------------------
# LSBATCH: User input
#!/bin/sh
### ------------- specify queue name ----------------
#BSUB -q c02516
### ------------- specify gpu request----------------
#BSUB -gpu "num=1:mode=exclusive_process"
### ------------- specify job name ----------------
#BSUB -J DualStreamSpatialNetTransfer
### ------------- specify number of cores ----------------
#BSUB -n 4
#BSUB -R "span[hosts=1]"
### ------------- specify CPU memory requirements ----------------
#BSUB -R "rusage[mem=20GB]"
### ------------- specify wall-clock time (max allowed is 12:00)---------------- #BSUB -W 12:00
#BSUB -o OUTPUT_FILE%J.out
#BSUB -e OUTPUT_FILE%J.err
source /zhome/f2/a/224066/IDLCV/bin/activate
python /zhome/f2/a/224066/Project2/DualStream/Spatial/DualStreamSpatialNetTransfer.py

------------------------------------------------------------

Successfully completed.

Resource usage summary:

    CPU time :                                   267.40 sec.
    Max Memory :                                 1047 MB
    Average Memory :                             897.60 MB
    Total Requested Memory :                     81920.00 MB
    Delta Memory :                               80873.00 MB
    Max Swap :                                   -
    Max Processes :                              4
    Max Threads :                                8
    Run time :                                   296 sec.
    Turnaround time :                            291 sec.

The output (if any) is above this job summary.



PS:

Read file <OUTPUT_FILE26470978.err> for stderr output of this job.

