The code will run on GPU.
Len of trainset: 5000
Training of spatial stream net is starting and will be carried out on: cuda:0
Epoch of spatial stream: 0; Loss train: 2.312	 test: 2.303	 Accuracy train: 9.4%	 test: 10.0%
Epoch of spatial stream: 1; Loss train: 2.310	 test: 2.303	 Accuracy train: 10.0%	 test: 10.3%
Epoch of spatial stream: 2; Loss train: 2.314	 test: 2.303	 Accuracy train: 9.8%	 test: 10.6%
Epoch of spatial stream: 3; Loss train: 2.313	 test: 2.303	 Accuracy train: 9.8%	 test: 10.9%
Epoch of spatial stream: 4; Loss train: 2.314	 test: 2.303	 Accuracy train: 9.6%	 test: 11.1%
Epoch of spatial stream: 5; Loss train: 2.317	 test: 2.303	 Accuracy train: 9.0%	 test: 10.4%
Epoch of spatial stream: 6; Loss train: 2.314	 test: 2.302	 Accuracy train: 10.2%	 test: 10.3%
Epoch of spatial stream: 7; Loss train: 2.314	 test: 2.303	 Accuracy train: 9.8%	 test: 10.7%
Epoch of spatial stream: 8; Loss train: 2.313	 test: 2.302	 Accuracy train: 9.7%	 test: 10.1%
Epoch of spatial stream: 9; Loss train: 2.313	 test: 2.302	 Accuracy train: 9.2%	 test: 10.5%
Code finished!

------------------------------------------------------------
Sender: LSF System <lsfadmin@hpc.dtu.dk>
Subject: Job 26458063: <DualStreamSpatialNet> in cluster <dcc> Done

Job <DualStreamSpatialNet> was submitted from host <n-62-11-12> by user <s253818> in cluster <dcc> at Sun Oct 12 17:41:16 2025
Job was executed on host(s) <4*n-62-18-13>, in queue <c02516>, as user <s253818> in cluster <dcc> at Sun Oct 12 17:41:17 2025
</zhome/f2/a/224066> was used as the home directory.
</zhome/f2/a/224066/Project2/DualStream/Spatial> was used as the working directory.
Started at Sun Oct 12 17:41:17 2025
Terminated at Sun Oct 12 17:43:53 2025
Results reported at Sun Oct 12 17:43:53 2025

Your job looked like:

------------------------------------------------------------
# LSBATCH: User input
#!/bin/sh
### ------------- specify queue name ----------------
#BSUB -q c02516
### ------------- specify gpu request----------------
#BSUB -gpu "num=1:mode=exclusive_process"
### ------------- specify job name ----------------
#BSUB -J DualStreamSpatialNet
### ------------- specify number of cores ----------------
#BSUB -n 4
#BSUB -R "span[hosts=1]"
### ------------- specify CPU memory requirements ----------------
#BSUB -R "rusage[mem=20GB]"
### ------------- specify wall-clock time (max allowed is 12:00)---------------- #BSUB -W 12:00
#BSUB -o OUTPUT_FILE%J.out
#BSUB -e OUTPUT_FILE%J.err
source /zhome/f2/a/224066/IDLCV/bin/activate
python /zhome/f2/a/224066/Project2/DualStream/Spatial/DualStreamSpatialNet.py

------------------------------------------------------------

Successfully completed.

Resource usage summary:

    CPU time :                                   148.92 sec.
    Max Memory :                                 890 MB
    Average Memory :                             888.67 MB
    Total Requested Memory :                     81920.00 MB
    Delta Memory :                               81030.00 MB
    Max Swap :                                   -
    Max Processes :                              4
    Max Threads :                                8
    Run time :                                   264 sec.
    Turnaround time :                            157 sec.

The output (if any) is above this job summary.



PS:

Read file <OUTPUT_FILE26458063.err> for stderr output of this job.

