The code will run on GPU.
Len of trainset: 5000
Training of spatial stream net is starting and will be carried out on: cuda:0
Epoch of spatial stream: 0; Loss train: 2.469	 test: 2.304	 Accuracy train: 6.0%	 test: 9.9%
Epoch of spatial stream: 1; Loss train: 2.326	 test: 2.299	 Accuracy train: 6.9%	 test: 13.7%
Epoch of spatial stream: 2; Loss train: 2.311	 test: 2.296	 Accuracy train: 8.9%	 test: 11.9%
Epoch of spatial stream: 3; Loss train: 2.303	 test: 2.292	 Accuracy train: 10.3%	 test: 14.9%
Epoch of spatial stream: 4; Loss train: 2.295	 test: 2.286	 Accuracy train: 12.6%	 test: 16.1%
Epoch of spatial stream: 5; Loss train: 2.283	 test: 2.275	 Accuracy train: 13.2%	 test: 17.9%
Epoch of spatial stream: 6; Loss train: 2.268	 test: 2.262	 Accuracy train: 15.7%	 test: 22.2%
Epoch of spatial stream: 7; Loss train: 2.251	 test: 2.252	 Accuracy train: 16.3%	 test: 24.0%
Epoch of spatial stream: 8; Loss train: 2.214	 test: 2.227	 Accuracy train: 19.2%	 test: 29.2%
Epoch of spatial stream: 9; Loss train: 2.183	 test: 2.216	 Accuracy train: 21.7%	 test: 28.1%
Epoch of spatial stream: 10; Loss train: 2.132	 test: 2.204	 Accuracy train: 25.9%	 test: 29.2%
Epoch of spatial stream: 11; Loss train: 2.081	 test: 2.189	 Accuracy train: 28.7%	 test: 27.6%
Epoch of spatial stream: 12; Loss train: 2.020	 test: 2.185	 Accuracy train: 31.9%	 test: 27.5%
Epoch of spatial stream: 13; Loss train: 1.954	 test: 2.190	 Accuracy train: 35.4%	 test: 27.5%
Epoch of spatial stream: 14; Loss train: 1.907	 test: 2.188	 Accuracy train: 37.8%	 test: 27.3%
Code finished!

------------------------------------------------------------
Sender: LSF System <lsfadmin@hpc.dtu.dk>
Subject: Job 26458139: <DualStreamSpatialNet> in cluster <dcc> Done

Job <DualStreamSpatialNet> was submitted from host <n-62-11-12> by user <s253818> in cluster <dcc> at Sun Oct 12 19:21:14 2025
Job was executed on host(s) <4*n-62-18-13>, in queue <c02516>, as user <s253818> in cluster <dcc> at Sun Oct 12 19:21:16 2025
</zhome/f2/a/224066> was used as the home directory.
</zhome/f2/a/224066/Project2/DualStream/Spatial> was used as the working directory.
Started at Sun Oct 12 19:21:16 2025
Terminated at Sun Oct 12 19:27:46 2025
Results reported at Sun Oct 12 19:27:46 2025

Your job looked like:

------------------------------------------------------------
# LSBATCH: User input
#!/bin/sh
### ------------- specify queue name ----------------
#BSUB -q c02516
### ------------- specify gpu request----------------
#BSUB -gpu "num=1:mode=exclusive_process"
### ------------- specify job name ----------------
#BSUB -J DualStreamSpatialNet
### ------------- specify number of cores ----------------
#BSUB -n 4
#BSUB -R "span[hosts=1]"
### ------------- specify CPU memory requirements ----------------
#BSUB -R "rusage[mem=20GB]"
### ------------- specify wall-clock time (max allowed is 12:00)---------------- #BSUB -W 12:00
#BSUB -o OUTPUT_FILE%J.out
#BSUB -e OUTPUT_FILE%J.err
source /zhome/f2/a/224066/IDLCV/bin/activate
python /zhome/f2/a/224066/Project2/DualStream/Spatial/DualStreamSpatialNet.py

------------------------------------------------------------

Successfully completed.

Resource usage summary:

    CPU time :                                   382.10 sec.
    Max Memory :                                 1144 MB
    Average Memory :                             1103.60 MB
    Total Requested Memory :                     81920.00 MB
    Delta Memory :                               80776.00 MB
    Max Swap :                                   -
    Max Processes :                              4
    Max Threads :                                8
    Run time :                                   456 sec.
    Turnaround time :                            392 sec.

The output (if any) is above this job summary.



PS:

Read file <OUTPUT_FILE26458139.err> for stderr output of this job.

