The code will run on GPU.
Training of spatial stream net is starting and will be carried out on: cuda:0
Epoch of spatial stream: 0; Loss train: 1.556	 test: 2.274	 Accuracy train: 60.8%	 test: 21.2%
Epoch of spatial stream: 1; Loss train: 0.342	 test: 2.517	 Accuracy train: 95.4%	 test: 24.6%
Epoch of spatial stream: 2; Loss train: 0.089	 test: 2.792	 Accuracy train: 99.1%	 test: 22.1%
Epoch of spatial stream: 3; Loss train: 0.035	 test: 2.996	 Accuracy train: 99.7%	 test: 26.5%
Epoch of spatial stream: 4; Loss train: 0.019	 test: 3.089	 Accuracy train: 99.9%	 test: 25.2%
Epoch of spatial stream: 5; Loss train: 0.010	 test: 3.247	 Accuracy train: 100.0%	 test: 26.2%
Epoch of spatial stream: 6; Loss train: 0.006	 test: 3.324	 Accuracy train: 100.0%	 test: 27.2%
Epoch of spatial stream: 7; Loss train: 0.004	 test: 3.419	 Accuracy train: 100.0%	 test: 24.2%
Epoch of spatial stream: 8; Loss train: 0.003	 test: 3.498	 Accuracy train: 100.0%	 test: 26.2%
Epoch of spatial stream: 9; Loss train: 0.002	 test: 3.680	 Accuracy train: 100.0%	 test: 26.7%
Epoch of spatial stream: 10; Loss train: 0.003	 test: 3.600	 Accuracy train: 99.9%	 test: 24.8%
Epoch of spatial stream: 11; Loss train: 0.001	 test: 3.695	 Accuracy train: 100.0%	 test: 24.4%
Epoch of spatial stream: 12; Loss train: 0.001	 test: 3.768	 Accuracy train: 100.0%	 test: 27.1%
Epoch of spatial stream: 13; Loss train: 0.004	 test: 3.916	 Accuracy train: 99.9%	 test: 28.3%
Epoch of spatial stream: 14; Loss train: 0.001	 test: 3.823	 Accuracy train: 100.0%	 test: 27.5%
Code finished!

------------------------------------------------------------
Sender: LSF System <lsfadmin@hpc.dtu.dk>
Subject: Job 26457937: <DualStreamSpatialNet> in cluster <dcc> Done

Job <DualStreamSpatialNet> was submitted from host <n-62-11-12> by user <s253818> in cluster <dcc> at Sun Oct 12 15:11:01 2025
Job was executed on host(s) <4*n-62-18-13>, in queue <c02516>, as user <s253818> in cluster <dcc> at Sun Oct 12 15:11:02 2025
</zhome/f2/a/224066> was used as the home directory.
</zhome/f2/a/224066/Project2/DualStream/Spatial> was used as the working directory.
Started at Sun Oct 12 15:11:02 2025
Terminated at Sun Oct 12 15:14:43 2025
Results reported at Sun Oct 12 15:14:43 2025

Your job looked like:

------------------------------------------------------------
# LSBATCH: User input
#!/bin/sh
### ------------- specify queue name ----------------
#BSUB -q c02516
### ------------- specify gpu request----------------
#BSUB -gpu "num=1:mode=exclusive_process"
### ------------- specify job name ----------------
#BSUB -J DualStreamSpatialNet
### ------------- specify number of cores ----------------
#BSUB -n 4
#BSUB -R "span[hosts=1]"
### ------------- specify CPU memory requirements ----------------
#BSUB -R "rusage[mem=20GB]"
### ------------- specify wall-clock time (max allowed is 12:00)---------------- #BSUB -W 12:00
#BSUB -o OUTPUT_FILE%J.out
#BSUB -e OUTPUT_FILE%J.err
source /zhome/f2/a/224066/IDLCV/bin/activate
python /zhome/f2/a/224066/Project2/DualStream/Spatial/DualStreamSpatialNet.py

------------------------------------------------------------

Successfully completed.

Resource usage summary:

    CPU time :                                   210.80 sec.
    Max Memory :                                 860 MB
    Average Memory :                             857.50 MB
    Total Requested Memory :                     81920.00 MB
    Delta Memory :                               81060.00 MB
    Max Swap :                                   -
    Max Processes :                              4
    Max Threads :                                8
    Run time :                                   266 sec.
    Turnaround time :                            222 sec.

The output (if any) is above this job summary.



PS:

Read file <OUTPUT_FILE26457937.err> for stderr output of this job.

