The code will run on GPU.
Len of trainset: 5000
Training of spatial stream net is starting and will be carried out on: cuda:0
Epoch of spatial stream: 0; Loss train: 2.340	 test: 2.307	 Accuracy train: 6.8%	 test: 11.8%
Epoch of spatial stream: 1; Loss train: 2.327	 test: 2.304	 Accuracy train: 7.7%	 test: 10.9%
Epoch of spatial stream: 2; Loss train: 2.321	 test: 2.302	 Accuracy train: 8.2%	 test: 11.6%
Epoch of spatial stream: 3; Loss train: 2.316	 test: 2.298	 Accuracy train: 8.9%	 test: 12.7%
Epoch of spatial stream: 4; Loss train: 2.305	 test: 2.298	 Accuracy train: 10.2%	 test: 13.8%
Epoch of spatial stream: 5; Loss train: 2.301	 test: 2.297	 Accuracy train: 10.8%	 test: 12.7%
Epoch of spatial stream: 6; Loss train: 2.298	 test: 2.293	 Accuracy train: 11.0%	 test: 14.2%
Epoch of spatial stream: 7; Loss train: 2.291	 test: 2.290	 Accuracy train: 12.6%	 test: 15.6%
Epoch of spatial stream: 8; Loss train: 2.287	 test: 2.289	 Accuracy train: 14.4%	 test: 14.2%
Epoch of spatial stream: 9; Loss train: 2.280	 test: 2.286	 Accuracy train: 15.5%	 test: 16.9%
Epoch of spatial stream: 10; Loss train: 2.277	 test: 2.283	 Accuracy train: 16.3%	 test: 17.4%
Epoch of spatial stream: 11; Loss train: 2.271	 test: 2.280	 Accuracy train: 17.9%	 test: 19.6%
Epoch of spatial stream: 12; Loss train: 2.263	 test: 2.277	 Accuracy train: 19.0%	 test: 19.9%
Epoch of spatial stream: 13; Loss train: 2.255	 test: 2.273	 Accuracy train: 20.7%	 test: 20.2%
Epoch of spatial stream: 14; Loss train: 2.252	 test: 2.270	 Accuracy train: 20.6%	 test: 22.8%
Code finished!

------------------------------------------------------------
Sender: LSF System <lsfadmin@hpc.dtu.dk>
Subject: Job 26458113: <DualStreamSpatialNet> in cluster <dcc> Done

Job <DualStreamSpatialNet> was submitted from host <n-62-11-12> by user <s253818> in cluster <dcc> at Sun Oct 12 18:44:27 2025
Job was executed on host(s) <4*n-62-18-13>, in queue <c02516>, as user <s253818> in cluster <dcc> at Sun Oct 12 18:44:29 2025
</zhome/f2/a/224066> was used as the home directory.
</zhome/f2/a/224066/Project2/DualStream/Spatial> was used as the working directory.
Started at Sun Oct 12 18:44:29 2025
Terminated at Sun Oct 12 18:51:08 2025
Results reported at Sun Oct 12 18:51:08 2025

Your job looked like:

------------------------------------------------------------
# LSBATCH: User input
#!/bin/sh
### ------------- specify queue name ----------------
#BSUB -q c02516
### ------------- specify gpu request----------------
#BSUB -gpu "num=1:mode=exclusive_process"
### ------------- specify job name ----------------
#BSUB -J DualStreamSpatialNet
### ------------- specify number of cores ----------------
#BSUB -n 4
#BSUB -R "span[hosts=1]"
### ------------- specify CPU memory requirements ----------------
#BSUB -R "rusage[mem=20GB]"
### ------------- specify wall-clock time (max allowed is 12:00)---------------- #BSUB -W 12:00
#BSUB -o OUTPUT_FILE%J.out
#BSUB -e OUTPUT_FILE%J.err
source /zhome/f2/a/224066/IDLCV/bin/activate
python /zhome/f2/a/224066/Project2/DualStream/Spatial/DualStreamSpatialNet.py

------------------------------------------------------------

Successfully completed.

Resource usage summary:

    CPU time :                                   390.06 sec.
    Max Memory :                                 1094 MB
    Average Memory :                             1079.33 MB
    Total Requested Memory :                     81920.00 MB
    Delta Memory :                               80826.00 MB
    Max Swap :                                   -
    Max Processes :                              4
    Max Threads :                                8
    Run time :                                   412 sec.
    Turnaround time :                            401 sec.

The output (if any) is above this job summary.



PS:

Read file <OUTPUT_FILE26458113.err> for stderr output of this job.

