The code will run on GPU.
Len of trainset: 5000
Training of spatial stream net is starting and will be carried out on: cuda:0
Epoch of spatial stream: 0; Loss train: 2.463	 test: 2.302	 Accuracy train: 3.2%	 test: 11.3%
Epoch of spatial stream: 1; Loss train: 2.325	 test: 2.298	 Accuracy train: 6.9%	 test: 12.8%
Epoch of spatial stream: 2; Loss train: 2.310	 test: 2.296	 Accuracy train: 8.9%	 test: 13.5%
Epoch of spatial stream: 3; Loss train: 2.303	 test: 2.293	 Accuracy train: 9.1%	 test: 15.2%
Epoch of spatial stream: 4; Loss train: 2.299	 test: 2.288	 Accuracy train: 10.0%	 test: 12.8%
Epoch of spatial stream: 5; Loss train: 2.292	 test: 2.281	 Accuracy train: 12.5%	 test: 19.6%
Epoch of spatial stream: 6; Loss train: 2.281	 test: 2.270	 Accuracy train: 14.5%	 test: 19.1%
Epoch of spatial stream: 7; Loss train: 2.267	 test: 2.263	 Accuracy train: 15.2%	 test: 22.2%
Epoch of spatial stream: 8; Loss train: 2.235	 test: 2.243	 Accuracy train: 19.8%	 test: 23.9%
Epoch of spatial stream: 9; Loss train: 2.208	 test: 2.231	 Accuracy train: 21.4%	 test: 22.9%
Epoch of spatial stream: 10; Loss train: 2.164	 test: 2.216	 Accuracy train: 24.5%	 test: 26.8%
Epoch of spatial stream: 11; Loss train: 2.113	 test: 2.195	 Accuracy train: 27.3%	 test: 28.7%
Epoch of spatial stream: 12; Loss train: 2.053	 test: 2.191	 Accuracy train: 31.3%	 test: 29.1%
Epoch of spatial stream: 13; Loss train: 1.992	 test: 2.193	 Accuracy train: 35.1%	 test: 28.7%
Epoch of spatial stream: 14; Loss train: 1.912	 test: 2.191	 Accuracy train: 39.5%	 test: 28.7%
Code finished!

------------------------------------------------------------
Sender: LSF System <lsfadmin@hpc.dtu.dk>
Subject: Job 26458141: <DualStreamSpatialNet> in cluster <dcc> Done

Job <DualStreamSpatialNet> was submitted from host <n-62-11-12> by user <s253818> in cluster <dcc> at Sun Oct 12 19:30:13 2025
Job was executed on host(s) <4*n-62-18-13>, in queue <c02516>, as user <s253818> in cluster <dcc> at Sun Oct 12 19:30:13 2025
</zhome/f2/a/224066> was used as the home directory.
</zhome/f2/a/224066/Project2/DualStream/Spatial> was used as the working directory.
Started at Sun Oct 12 19:30:13 2025
Terminated at Sun Oct 12 19:36:44 2025
Results reported at Sun Oct 12 19:36:44 2025

Your job looked like:

------------------------------------------------------------
# LSBATCH: User input
#!/bin/sh
### ------------- specify queue name ----------------
#BSUB -q c02516
### ------------- specify gpu request----------------
#BSUB -gpu "num=1:mode=exclusive_process"
### ------------- specify job name ----------------
#BSUB -J DualStreamSpatialNet
### ------------- specify number of cores ----------------
#BSUB -n 4
#BSUB -R "span[hosts=1]"
### ------------- specify CPU memory requirements ----------------
#BSUB -R "rusage[mem=20GB]"
### ------------- specify wall-clock time (max allowed is 12:00)---------------- #BSUB -W 12:00
#BSUB -o OUTPUT_FILE%J.out
#BSUB -e OUTPUT_FILE%J.err
source /zhome/f2/a/224066/IDLCV/bin/activate
python /zhome/f2/a/224066/Project2/DualStream/Spatial/DualStreamSpatialNet.py

------------------------------------------------------------

Successfully completed.

Resource usage summary:

    CPU time :                                   380.93 sec.
    Max Memory :                                 1104 MB
    Average Memory :                             1079.80 MB
    Total Requested Memory :                     81920.00 MB
    Delta Memory :                               80816.00 MB
    Max Swap :                                   -
    Max Processes :                              4
    Max Threads :                                8
    Run time :                                   406 sec.
    Turnaround time :                            391 sec.

The output (if any) is above this job summary.



PS:

Read file <OUTPUT_FILE26458141.err> for stderr output of this job.

