The code will run on GPU.
Len of trainset: 5000
Training of spatial stream net is starting and will be carried out on: cuda:0
Epoch of spatial stream: 0; Loss train: 2.243	 test: 2.368	 Accuracy train: 15.9%	 test: 14.0%
Epoch of spatial stream: 1; Loss train: 2.217	 test: 2.414	 Accuracy train: 11.0%	 test: 15.8%
Epoch of spatial stream: 2; Loss train: 2.069	 test: 2.588	 Accuracy train: 16.5%	 test: 15.9%
Epoch of spatial stream: 3; Loss train: 1.928	 test: 2.831	 Accuracy train: 21.9%	 test: 13.5%
Epoch of spatial stream: 4; Loss train: 1.769	 test: 3.038	 Accuracy train: 30.1%	 test: 14.2%
Epoch of spatial stream: 5; Loss train: 1.576	 test: 3.338	 Accuracy train: 38.7%	 test: 14.8%
Epoch of spatial stream: 6; Loss train: 1.373	 test: 3.734	 Accuracy train: 47.6%	 test: 14.2%
Epoch of spatial stream: 7; Loss train: 1.163	 test: 3.994	 Accuracy train: 58.1%	 test: 14.9%
Epoch of spatial stream: 8; Loss train: 0.984	 test: 4.367	 Accuracy train: 65.9%	 test: 10.8%
Epoch of spatial stream: 9; Loss train: 0.832	 test: 4.760	 Accuracy train: 71.8%	 test: 11.2%
Code finished!

------------------------------------------------------------
Sender: LSF System <lsfadmin@hpc.dtu.dk>
Subject: Job 26458073: <DualStreamSpatialNet> in cluster <dcc> Done

Job <DualStreamSpatialNet> was submitted from host <n-62-11-12> by user <s253818> in cluster <dcc> at Sun Oct 12 17:53:47 2025
Job was executed on host(s) <4*n-62-18-13>, in queue <c02516>, as user <s253818> in cluster <dcc> at Sun Oct 12 17:53:47 2025
</zhome/f2/a/224066> was used as the home directory.
</zhome/f2/a/224066/Project2/DualStream/Spatial> was used as the working directory.
Started at Sun Oct 12 17:53:47 2025
Terminated at Sun Oct 12 17:55:48 2025
Results reported at Sun Oct 12 17:55:48 2025

Your job looked like:

------------------------------------------------------------
# LSBATCH: User input
#!/bin/sh
### ------------- specify queue name ----------------
#BSUB -q c02516
### ------------- specify gpu request----------------
#BSUB -gpu "num=1:mode=exclusive_process"
### ------------- specify job name ----------------
#BSUB -J DualStreamSpatialNet
### ------------- specify number of cores ----------------
#BSUB -n 4
#BSUB -R "span[hosts=1]"
### ------------- specify CPU memory requirements ----------------
#BSUB -R "rusage[mem=20GB]"
### ------------- specify wall-clock time (max allowed is 12:00)---------------- #BSUB -W 12:00
#BSUB -o OUTPUT_FILE%J.out
#BSUB -e OUTPUT_FILE%J.err
source /zhome/f2/a/224066/IDLCV/bin/activate
python /zhome/f2/a/224066/Project2/DualStream/Spatial/DualStreamSpatialNet.py

------------------------------------------------------------

Successfully completed.

Resource usage summary:

    CPU time :                                   114.48 sec.
    Max Memory :                                 854 MB
    Average Memory :                             852.67 MB
    Total Requested Memory :                     81920.00 MB
    Delta Memory :                               81066.00 MB
    Max Swap :                                   -
    Max Processes :                              4
    Max Threads :                                8
    Run time :                                   198 sec.
    Turnaround time :                            121 sec.

The output (if any) is above this job summary.



PS:

Read file <OUTPUT_FILE26458073.err> for stderr output of this job.

