The code will run on GPU.
Len of trainset: 5000
Training of spatial stream net is starting and will be carried out on: cuda:0
Epoch of spatial stream: 0; Loss train: 2.450	 test: 2.302	 Accuracy train: 9.1%	 test: 10.2%
Epoch of spatial stream: 1; Loss train: 2.347	 test: 2.298	 Accuracy train: 4.3%	 test: 10.3%
Epoch of spatial stream: 2; Loss train: 2.326	 test: 2.296	 Accuracy train: 5.7%	 test: 12.3%
Epoch of spatial stream: 3; Loss train: 2.324	 test: 2.294	 Accuracy train: 6.6%	 test: 16.1%
Epoch of spatial stream: 4; Loss train: 2.322	 test: 2.291	 Accuracy train: 7.1%	 test: 15.8%
Epoch of spatial stream: 5; Loss train: 2.313	 test: 2.281	 Accuracy train: 8.1%	 test: 18.5%
Epoch of spatial stream: 6; Loss train: 2.295	 test: 2.271	 Accuracy train: 9.1%	 test: 18.4%
Epoch of spatial stream: 7; Loss train: 2.276	 test: 2.261	 Accuracy train: 10.6%	 test: 17.8%
Epoch of spatial stream: 8; Loss train: 2.252	 test: 2.253	 Accuracy train: 13.1%	 test: 17.2%
Epoch of spatial stream: 9; Loss train: 2.220	 test: 2.240	 Accuracy train: 14.8%	 test: 17.0%
Epoch of spatial stream: 10; Loss train: 2.166	 test: 2.236	 Accuracy train: 19.4%	 test: 16.9%
Epoch of spatial stream: 11; Loss train: 2.124	 test: 2.225	 Accuracy train: 22.3%	 test: 17.0%
Epoch of spatial stream: 12; Loss train: 2.058	 test: 2.206	 Accuracy train: 26.4%	 test: 18.0%
Epoch of spatial stream: 13; Loss train: 2.005	 test: 2.191	 Accuracy train: 29.7%	 test: 19.8%
Epoch of spatial stream: 14; Loss train: 1.933	 test: 2.179	 Accuracy train: 33.4%	 test: 22.7%
Code finished!

------------------------------------------------------------
Sender: LSF System <lsfadmin@hpc.dtu.dk>
Subject: Job 26458116: <DualStreamSpatialNet> in cluster <dcc> Done

Job <DualStreamSpatialNet> was submitted from host <n-62-11-12> by user <s253818> in cluster <dcc> at Sun Oct 12 18:52:31 2025
Job was executed on host(s) <4*n-62-18-13>, in queue <c02516>, as user <s253818> in cluster <dcc> at Sun Oct 12 18:52:32 2025
</zhome/f2/a/224066> was used as the home directory.
</zhome/f2/a/224066/Project2/DualStream/Spatial> was used as the working directory.
Started at Sun Oct 12 18:52:32 2025
Terminated at Sun Oct 12 18:59:11 2025
Results reported at Sun Oct 12 18:59:11 2025

Your job looked like:

------------------------------------------------------------
# LSBATCH: User input
#!/bin/sh
### ------------- specify queue name ----------------
#BSUB -q c02516
### ------------- specify gpu request----------------
#BSUB -gpu "num=1:mode=exclusive_process"
### ------------- specify job name ----------------
#BSUB -J DualStreamSpatialNet
### ------------- specify number of cores ----------------
#BSUB -n 4
#BSUB -R "span[hosts=1]"
### ------------- specify CPU memory requirements ----------------
#BSUB -R "rusage[mem=20GB]"
### ------------- specify wall-clock time (max allowed is 12:00)---------------- #BSUB -W 12:00
#BSUB -o OUTPUT_FILE%J.out
#BSUB -e OUTPUT_FILE%J.err
source /zhome/f2/a/224066/IDLCV/bin/activate
python /zhome/f2/a/224066/Project2/DualStream/Spatial/DualStreamSpatialNet.py

------------------------------------------------------------

Successfully completed.

Resource usage summary:

    CPU time :                                   389.15 sec.
    Max Memory :                                 1082 MB
    Average Memory :                             1076.83 MB
    Total Requested Memory :                     81920.00 MB
    Delta Memory :                               80838.00 MB
    Max Swap :                                   -
    Max Processes :                              4
    Max Threads :                                8
    Run time :                                   469 sec.
    Turnaround time :                            400 sec.

The output (if any) is above this job summary.



PS:

Read file <OUTPUT_FILE26458116.err> for stderr output of this job.

