The code will run on GPU.
Len of trainset: 5000
Training of spatial stream net is starting and will be carried out on: cuda:0
Epoch of spatial stream: 0; Loss train: 2.359	 test: 2.375	 Accuracy train: 12.1%	 test: 13.4%
Epoch of spatial stream: 1; Loss train: 2.298	 test: 2.378	 Accuracy train: 11.9%	 test: 13.6%
Epoch of spatial stream: 2; Loss train: 2.216	 test: 2.372	 Accuracy train: 16.0%	 test: 13.4%
Epoch of spatial stream: 3; Loss train: 2.129	 test: 2.377	 Accuracy train: 20.5%	 test: 13.8%
Epoch of spatial stream: 4; Loss train: 2.026	 test: 2.376	 Accuracy train: 26.1%	 test: 16.2%
Epoch of spatial stream: 5; Loss train: 1.939	 test: 2.397	 Accuracy train: 31.2%	 test: 16.8%
Epoch of spatial stream: 6; Loss train: 1.830	 test: 2.413	 Accuracy train: 37.7%	 test: 17.8%
Epoch of spatial stream: 7; Loss train: 1.738	 test: 2.420	 Accuracy train: 42.9%	 test: 18.8%
Epoch of spatial stream: 8; Loss train: 1.635	 test: 2.460	 Accuracy train: 48.4%	 test: 18.6%
Epoch of spatial stream: 9; Loss train: 1.555	 test: 2.479	 Accuracy train: 51.3%	 test: 18.8%
Epoch of spatial stream: 10; Loss train: 1.444	 test: 2.506	 Accuracy train: 57.7%	 test: 19.8%
Epoch of spatial stream: 11; Loss train: 1.381	 test: 2.570	 Accuracy train: 59.5%	 test: 19.8%
Epoch of spatial stream: 12; Loss train: 1.290	 test: 2.567	 Accuracy train: 62.8%	 test: 20.6%
Epoch of spatial stream: 13; Loss train: 1.210	 test: 2.599	 Accuracy train: 66.1%	 test: 20.0%
Epoch of spatial stream: 14; Loss train: 1.136	 test: 2.668	 Accuracy train: 67.9%	 test: 20.1%
Code finished!

------------------------------------------------------------
Sender: LSF System <lsfadmin@hpc.dtu.dk>
Subject: Job 26458097: <DualStreamSpatialNet> in cluster <dcc> Done

Job <DualStreamSpatialNet> was submitted from host <n-62-11-12> by user <s253818> in cluster <dcc> at Sun Oct 12 18:22:00 2025
Job was executed on host(s) <4*n-62-18-13>, in queue <c02516>, as user <s253818> in cluster <dcc> at Sun Oct 12 18:22:00 2025
</zhome/f2/a/224066> was used as the home directory.
</zhome/f2/a/224066/Project2/DualStream/Spatial> was used as the working directory.
Started at Sun Oct 12 18:22:00 2025
Terminated at Sun Oct 12 18:25:21 2025
Results reported at Sun Oct 12 18:25:21 2025

Your job looked like:

------------------------------------------------------------
# LSBATCH: User input
#!/bin/sh
### ------------- specify queue name ----------------
#BSUB -q c02516
### ------------- specify gpu request----------------
#BSUB -gpu "num=1:mode=exclusive_process"
### ------------- specify job name ----------------
#BSUB -J DualStreamSpatialNet
### ------------- specify number of cores ----------------
#BSUB -n 4
#BSUB -R "span[hosts=1]"
### ------------- specify CPU memory requirements ----------------
#BSUB -R "rusage[mem=20GB]"
### ------------- specify wall-clock time (max allowed is 12:00)---------------- #BSUB -W 12:00
#BSUB -o OUTPUT_FILE%J.out
#BSUB -e OUTPUT_FILE%J.err
source /zhome/f2/a/224066/IDLCV/bin/activate
python /zhome/f2/a/224066/Project2/DualStream/Spatial/DualStreamSpatialNet.py

------------------------------------------------------------

Successfully completed.

Resource usage summary:

    CPU time :                                   192.13 sec.
    Max Memory :                                 860 MB
    Average Memory :                             645.00 MB
    Total Requested Memory :                     81920.00 MB
    Delta Memory :                               81060.00 MB
    Max Swap :                                   -
    Max Processes :                              4
    Max Threads :                                8
    Run time :                                   314 sec.
    Turnaround time :                            201 sec.

The output (if any) is above this job summary.



PS:

Read file <OUTPUT_FILE26458097.err> for stderr output of this job.

