The code will run on GPU.
Len of trainset: 5000
Training of spatial stream net is starting and will be carried out on: cuda:0
Epoch of spatial stream: 0; Loss train: 2.474	 test: 2.303	 Accuracy train: 7.2%	 test: 9.4%
Epoch of spatial stream: 1; Loss train: 2.338	 test: 2.301	 Accuracy train: 6.0%	 test: 8.8%
Epoch of spatial stream: 2; Loss train: 2.318	 test: 2.300	 Accuracy train: 7.3%	 test: 7.2%
Epoch of spatial stream: 3; Loss train: 2.310	 test: 2.300	 Accuracy train: 8.8%	 test: 6.2%
Epoch of spatial stream: 4; Loss train: 2.307	 test: 2.300	 Accuracy train: 8.9%	 test: 8.0%
Epoch of spatial stream: 5; Loss train: 2.305	 test: 2.299	 Accuracy train: 9.1%	 test: 9.2%
Epoch of spatial stream: 6; Loss train: 2.302	 test: 2.297	 Accuracy train: 10.4%	 test: 9.2%
Epoch of spatial stream: 7; Loss train: 2.303	 test: 2.295	 Accuracy train: 10.1%	 test: 12.4%
Epoch of spatial stream: 8; Loss train: 2.298	 test: 2.290	 Accuracy train: 11.3%	 test: 12.6%
Epoch of spatial stream: 9; Loss train: 2.297	 test: 2.287	 Accuracy train: 11.4%	 test: 11.5%
Epoch of spatial stream: 10; Loss train: 2.290	 test: 2.282	 Accuracy train: 11.9%	 test: 11.3%
Epoch of spatial stream: 11; Loss train: 2.279	 test: 2.275	 Accuracy train: 12.7%	 test: 14.5%
Epoch of spatial stream: 12; Loss train: 2.274	 test: 2.268	 Accuracy train: 12.9%	 test: 17.4%
Epoch of spatial stream: 13; Loss train: 2.257	 test: 2.263	 Accuracy train: 14.7%	 test: 17.3%
Epoch of spatial stream: 14; Loss train: 2.242	 test: 2.258	 Accuracy train: 16.3%	 test: 18.4%
Code finished!

------------------------------------------------------------
Sender: LSF System <lsfadmin@hpc.dtu.dk>
Subject: Job 26458187: <DualStreamSpatialNet> in cluster <dcc> Done

Job <DualStreamSpatialNet> was submitted from host <n-62-11-12> by user <s253818> in cluster <dcc> at Sun Oct 12 19:55:25 2025
Job was executed on host(s) <4*n-62-18-13>, in queue <c02516>, as user <s253818> in cluster <dcc> at Sun Oct 12 19:55:25 2025
</zhome/f2/a/224066> was used as the home directory.
</zhome/f2/a/224066/Project2/DualStream/Spatial> was used as the working directory.
Started at Sun Oct 12 19:55:25 2025
Terminated at Sun Oct 12 20:00:04 2025
Results reported at Sun Oct 12 20:00:04 2025

Your job looked like:

------------------------------------------------------------
# LSBATCH: User input
#!/bin/sh
### ------------- specify queue name ----------------
#BSUB -q c02516
### ------------- specify gpu request----------------
#BSUB -gpu "num=1:mode=exclusive_process"
### ------------- specify job name ----------------
#BSUB -J DualStreamSpatialNet
### ------------- specify number of cores ----------------
#BSUB -n 4
#BSUB -R "span[hosts=1]"
### ------------- specify CPU memory requirements ----------------
#BSUB -R "rusage[mem=20GB]"
### ------------- specify wall-clock time (max allowed is 12:00)---------------- #BSUB -W 12:00
#BSUB -o OUTPUT_FILE%J.out
#BSUB -e OUTPUT_FILE%J.err
source /zhome/f2/a/224066/IDLCV/bin/activate
python /zhome/f2/a/224066/Project2/DualStream/Spatial/DualStreamSpatialNet.py

------------------------------------------------------------

Successfully completed.

Resource usage summary:

    CPU time :                                   270.02 sec.
    Max Memory :                                 1096 MB
    Average Memory :                             1082.50 MB
    Total Requested Memory :                     81920.00 MB
    Delta Memory :                               80824.00 MB
    Max Swap :                                   -
    Max Processes :                              4
    Max Threads :                                8
    Run time :                                   335 sec.
    Turnaround time :                            279 sec.

The output (if any) is above this job summary.



PS:

Read file <OUTPUT_FILE26458187.err> for stderr output of this job.

