The code will run on GPU.
Len of trainset: 5000
Training of spatial stream net is starting and will be carried out on: cuda:0
Epoch of spatial stream: 0; Loss train: 2.266	 test: 2.319	 Accuracy train: 15.0%	 test: 10.0%
Epoch of spatial stream: 1; Loss train: 2.345	 test: 2.306	 Accuracy train: 6.2%	 test: 10.2%
Epoch of spatial stream: 2; Loss train: 2.328	 test: 2.306	 Accuracy train: 6.3%	 test: 9.5%
Epoch of spatial stream: 3; Loss train: 2.320	 test: 2.308	 Accuracy train: 6.2%	 test: 9.9%
Epoch of spatial stream: 4; Loss train: 2.322	 test: 2.308	 Accuracy train: 5.3%	 test: 10.2%
Epoch of spatial stream: 5; Loss train: 2.328	 test: 2.305	 Accuracy train: 6.6%	 test: 10.0%
Epoch of spatial stream: 6; Loss train: 2.323	 test: 2.304	 Accuracy train: 5.9%	 test: 10.0%
Epoch of spatial stream: 7; Loss train: 2.313	 test: 2.310	 Accuracy train: 6.7%	 test: 10.0%
Epoch of spatial stream: 8; Loss train: 2.323	 test: 2.308	 Accuracy train: 5.2%	 test: 9.9%
Epoch of spatial stream: 9; Loss train: 2.307	 test: 2.315	 Accuracy train: 6.3%	 test: 10.0%
Code finished!

------------------------------------------------------------
Sender: LSF System <lsfadmin@hpc.dtu.dk>
Subject: Job 26458051: <DualStreamSpatialNet> in cluster <dcc> Done

Job <DualStreamSpatialNet> was submitted from host <n-62-11-12> by user <s253818> in cluster <dcc> at Sun Oct 12 17:28:02 2025
Job was executed on host(s) <4*n-62-18-13>, in queue <c02516>, as user <s253818> in cluster <dcc> at Sun Oct 12 17:28:03 2025
</zhome/f2/a/224066> was used as the home directory.
</zhome/f2/a/224066/Project2/DualStream/Spatial> was used as the working directory.
Started at Sun Oct 12 17:28:03 2025
Terminated at Sun Oct 12 17:30:42 2025
Results reported at Sun Oct 12 17:30:42 2025

Your job looked like:

------------------------------------------------------------
# LSBATCH: User input
#!/bin/sh
### ------------- specify queue name ----------------
#BSUB -q c02516
### ------------- specify gpu request----------------
#BSUB -gpu "num=1:mode=exclusive_process"
### ------------- specify job name ----------------
#BSUB -J DualStreamSpatialNet
### ------------- specify number of cores ----------------
#BSUB -n 4
#BSUB -R "span[hosts=1]"
### ------------- specify CPU memory requirements ----------------
#BSUB -R "rusage[mem=20GB]"
### ------------- specify wall-clock time (max allowed is 12:00)---------------- #BSUB -W 12:00
#BSUB -o OUTPUT_FILE%J.out
#BSUB -e OUTPUT_FILE%J.err
source /zhome/f2/a/224066/IDLCV/bin/activate
python /zhome/f2/a/224066/Project2/DualStream/Spatial/DualStreamSpatialNet.py

------------------------------------------------------------

Successfully completed.

Resource usage summary:

    CPU time :                                   150.84 sec.
    Max Memory :                                 892 MB
    Average Memory :                             890.50 MB
    Total Requested Memory :                     81920.00 MB
    Delta Memory :                               81028.00 MB
    Max Swap :                                   -
    Max Processes :                              4
    Max Threads :                                8
    Run time :                                   188 sec.
    Turnaround time :                            160 sec.

The output (if any) is above this job summary.



PS:

Read file <OUTPUT_FILE26458051.err> for stderr output of this job.

