The code will run on GPU.
Len of trainset: 5000
Training of spatial stream net is starting and will be carried out on: cuda:0
Epoch of spatial stream: 0; Loss train: 2.322	 test: 2.316	 Accuracy train: 12.9%	 test: 13.5%
Epoch of spatial stream: 1; Loss train: 2.287	 test: 2.319	 Accuracy train: 11.5%	 test: 10.7%
Epoch of spatial stream: 2; Loss train: 2.226	 test: 2.328	 Accuracy train: 13.7%	 test: 16.8%
Epoch of spatial stream: 3; Loss train: 2.175	 test: 2.327	 Accuracy train: 15.8%	 test: 16.8%
Epoch of spatial stream: 4; Loss train: 2.084	 test: 2.361	 Accuracy train: 19.6%	 test: 16.1%
Epoch of spatial stream: 5; Loss train: 2.017	 test: 2.421	 Accuracy train: 22.6%	 test: 16.0%
Epoch of spatial stream: 6; Loss train: 1.938	 test: 2.493	 Accuracy train: 27.6%	 test: 15.9%
Epoch of spatial stream: 7; Loss train: 1.853	 test: 2.505	 Accuracy train: 30.8%	 test: 16.9%
Epoch of spatial stream: 8; Loss train: 1.691	 test: 2.619	 Accuracy train: 38.1%	 test: 17.6%
Epoch of spatial stream: 9; Loss train: 1.562	 test: 2.778	 Accuracy train: 45.1%	 test: 17.0%
Code finished!

------------------------------------------------------------
Sender: LSF System <lsfadmin@hpc.dtu.dk>
Subject: Job 26458081: <DualStreamSpatialNet> in cluster <dcc> Done

Job <DualStreamSpatialNet> was submitted from host <n-62-11-12> by user <s253818> in cluster <dcc> at Sun Oct 12 18:04:34 2025
Job was executed on host(s) <4*n-62-18-13>, in queue <c02516>, as user <s253818> in cluster <dcc> at Sun Oct 12 18:04:35 2025
</zhome/f2/a/224066> was used as the home directory.
</zhome/f2/a/224066/Project2/DualStream/Spatial> was used as the working directory.
Started at Sun Oct 12 18:04:35 2025
Terminated at Sun Oct 12 18:06:58 2025
Results reported at Sun Oct 12 18:06:58 2025

Your job looked like:

------------------------------------------------------------
# LSBATCH: User input
#!/bin/sh
### ------------- specify queue name ----------------
#BSUB -q c02516
### ------------- specify gpu request----------------
#BSUB -gpu "num=1:mode=exclusive_process"
### ------------- specify job name ----------------
#BSUB -J DualStreamSpatialNet
### ------------- specify number of cores ----------------
#BSUB -n 4
#BSUB -R "span[hosts=1]"
### ------------- specify CPU memory requirements ----------------
#BSUB -R "rusage[mem=20GB]"
### ------------- specify wall-clock time (max allowed is 12:00)---------------- #BSUB -W 12:00
#BSUB -o OUTPUT_FILE%J.out
#BSUB -e OUTPUT_FILE%J.err
source /zhome/f2/a/224066/IDLCV/bin/activate
python /zhome/f2/a/224066/Project2/DualStream/Spatial/DualStreamSpatialNet.py

------------------------------------------------------------

Successfully completed.

Resource usage summary:

    CPU time :                                   133.60 sec.
    Max Memory :                                 857 MB
    Average Memory :                             856.00 MB
    Total Requested Memory :                     81920.00 MB
    Delta Memory :                               81063.00 MB
    Max Swap :                                   -
    Max Processes :                              4
    Max Threads :                                8
    Run time :                                   203 sec.
    Turnaround time :                            144 sec.

The output (if any) is above this job summary.



PS:

Read file <OUTPUT_FILE26458081.err> for stderr output of this job.

