Traceback (most recent call last):
  File "/zhome/f2/a/224066/Project2/DualStream/Spatial/DualStreamSpatialNet.py", line 336, in <module>
    out = train_spatialstream(sporty_spatialstream, optimizer,
  File "/zhome/f2/a/224066/Project2/DualStream/Spatial/DualStreamSpatialNet.py", line 167, in train_spatialstream
    output = model(data)
  File "/zhome/f2/a/224066/IDLCV/lib64/python3.9/site-packages/torch/nn/modules/module.py", line 1773, in _wrapped_call_impl
    return self._call_impl(*args, **kwargs)
  File "/zhome/f2/a/224066/IDLCV/lib64/python3.9/site-packages/torch/nn/modules/module.py", line 1784, in _call_impl
    return forward_call(*args, **kwargs)
  File "/zhome/f2/a/224066/Project2/DualStream/Spatial/DualStreamSpatialNet.py", line 65, in forward
    x = self.fully_connected(x)
  File "/zhome/f2/a/224066/IDLCV/lib64/python3.9/site-packages/torch/nn/modules/module.py", line 1773, in _wrapped_call_impl
    return self._call_impl(*args, **kwargs)
  File "/zhome/f2/a/224066/IDLCV/lib64/python3.9/site-packages/torch/nn/modules/module.py", line 1784, in _call_impl
    return forward_call(*args, **kwargs)
  File "/zhome/f2/a/224066/IDLCV/lib64/python3.9/site-packages/torch/nn/modules/container.py", line 244, in forward
    input = module(input)
  File "/zhome/f2/a/224066/IDLCV/lib64/python3.9/site-packages/torch/nn/modules/module.py", line 1773, in _wrapped_call_impl
    return self._call_impl(*args, **kwargs)
  File "/zhome/f2/a/224066/IDLCV/lib64/python3.9/site-packages/torch/nn/modules/module.py", line 1784, in _call_impl
    return forward_call(*args, **kwargs)
  File "/zhome/f2/a/224066/IDLCV/lib64/python3.9/site-packages/torch/nn/modules/linear.py", line 125, in forward
    return F.linear(input, self.weight, self.bias)
RuntimeError: mat1 and mat2 shapes cannot be multiplied (8x12544 and 16384x512)
